<?xml version="1.0" encoding="UTF-8"?>
<testsuite name="com.evbox.chargingschedule.resources.ChargingSessionResourceTest" tests="2" skipped="0" failures="0" errors="0" timestamp="2019-07-14T14:24:59" hostname="PRT957979PCA" time="0.164">
  <properties/>
  <testcase name="countChargingSessionInLastMinuteByStation" classname="com.evbox.chargingschedule.resources.ChargingSessionResourceTest" time="0.125"/>
  <testcase name="putChargingSession" classname="com.evbox.chargingschedule.resources.ChargingSessionResourceTest" time="0.038"/>
  <system-out><![CDATA[2019-07-14 14:24:59.267  INFO 13448 --- [    Test worker] .b.t.a.w.s.WebMvcTestContextBootstrapper : Neither @ContextConfiguration nor @ContextHierarchy found for test class [com.evbox.chargingschedule.resources.ChargingSessionResourceTest], using SpringBootContextLoader
2019-07-14 14:24:59.268  INFO 13448 --- [    Test worker] o.s.t.c.support.AbstractContextLoader    : Could not detect default resource locations for test class [com.evbox.chargingschedule.resources.ChargingSessionResourceTest]: no resource found for suffixes {-context.xml, Context.groovy}.
2019-07-14 14:24:59.268  INFO 13448 --- [    Test worker] t.c.s.AnnotationConfigContextLoaderUtils : Could not detect default configuration classes for test class [com.evbox.chargingschedule.resources.ChargingSessionResourceTest]: ChargingSessionResourceTest does not declare any static, non-private, non-final, nested classes annotated with @Configuration.
2019-07-14 14:24:59.287  INFO 13448 --- [    Test worker] .b.t.c.SpringBootTestContextBootstrapper : Found @SpringBootConfiguration com.evbox.chargingschedule.ChargingScheduleApplication for test class com.evbox.chargingschedule.resources.ChargingSessionResourceTest
2019-07-14 14:24:59.288  INFO 13448 --- [    Test worker] .b.t.a.w.s.WebMvcTestContextBootstrapper : Loaded default TestExecutionListener class names from location [META-INF/spring.factories]: [org.springframework.boot.test.autoconfigure.restdocs.RestDocsTestExecutionListener, org.springframework.boot.test.autoconfigure.web.client.MockRestServiceServerResetTestExecutionListener, org.springframework.boot.test.autoconfigure.web.servlet.MockMvcPrintOnlyOnFailureTestExecutionListener, org.springframework.boot.test.autoconfigure.web.servlet.WebDriverTestExecutionListener, org.springframework.boot.test.mock.mockito.MockitoTestExecutionListener, org.springframework.boot.test.mock.mockito.ResetMocksTestExecutionListener, org.springframework.test.context.web.ServletTestExecutionListener, org.springframework.test.context.support.DirtiesContextBeforeModesTestExecutionListener, org.springframework.test.context.support.DependencyInjectionTestExecutionListener, org.springframework.test.context.support.DirtiesContextTestExecutionListener, org.springframework.test.context.transaction.TransactionalTestExecutionListener, org.springframework.test.context.jdbc.SqlScriptsTestExecutionListener]
2019-07-14 14:24:59.289  INFO 13448 --- [    Test worker] .b.t.a.w.s.WebMvcTestContextBootstrapper : Using TestExecutionListeners: [org.springframework.test.context.web.ServletTestExecutionListener@5a629139, org.springframework.test.context.support.DirtiesContextBeforeModesTestExecutionListener@42c03dc3, org.springframework.boot.test.mock.mockito.MockitoTestExecutionListener@1780a5f, org.springframework.boot.test.autoconfigure.SpringBootDependencyInjectionTestExecutionListener@d822c3e, org.springframework.test.context.support.DirtiesContextTestExecutionListener@43a78fee, org.springframework.boot.test.autoconfigure.restdocs.RestDocsTestExecutionListener@ca8c7c, org.springframework.boot.test.autoconfigure.web.client.MockRestServiceServerResetTestExecutionListener@41a154c8, org.springframework.boot.test.autoconfigure.web.servlet.MockMvcPrintOnlyOnFailureTestExecutionListener@5dde631e, org.springframework.boot.test.autoconfigure.web.servlet.WebDriverTestExecutionListener@22795fb4, org.springframework.boot.test.mock.mockito.ResetMocksTestExecutionListener@76848eeb]

  .   ____          _            __ _ _
 /\\ / ___'_ __ _ _(_)_ __  __ _ \ \ \ \
( ( )\___ | '_ | '_| | '_ \/ _` | \ \ \ \
 \\/  ___)| |_)| | | | | || (_| |  ) ) ) )
  '  |____| .__|_| |_|_| |_\__, | / / / /
 =========|_|==============|___/=/_/_/_/
 :: Spring Boot ::        (v2.1.6.RELEASE)

2019-07-14 14:24:59.312  INFO 13448 --- [    Test worker] c.e.c.r.ChargingSessionResourceTest      : Starting ChargingSessionResourceTest on PRT957979PCA with PID 13448 (started by u957979 in C:\Users\u957979\Documents\assignement\charging-schedule)
2019-07-14 14:24:59.313  INFO 13448 --- [    Test worker] c.e.c.r.ChargingSessionResourceTest      : No active profile set, falling back to default profiles: default
2019-07-14 14:24:59.705  INFO 13448 --- [    Test worker] o.s.s.concurrent.ThreadPoolTaskExecutor  : Initializing ExecutorService 'applicationTaskExecutor'
2019-07-14 14:24:59.749  INFO 13448 --- [    Test worker] o.s.b.t.m.w.SpringBootMockServletContext : Initializing Spring TestDispatcherServlet ''
2019-07-14 14:24:59.750  INFO 13448 --- [    Test worker] o.s.t.web.servlet.TestDispatcherServlet  : Initializing Servlet ''
2019-07-14 14:24:59.763  INFO 13448 --- [    Test worker] o.s.t.web.servlet.TestDispatcherServlet  : Completed initialization in 13 ms
2019-07-14 14:24:59.776  INFO 13448 --- [    Test worker] c.e.c.r.ChargingSessionResourceTest      : Started ChargingSessionResourceTest in 0.485 seconds (JVM running for 3.997)
]]></system-out>
  <system-err><![CDATA[]]></system-err>
</testsuite>
